This file contains any messages produced by compilers while
running configure, to aid debugging if configure makes a mistake.

It was created by json-c configure 0.9, which was
generated by GNU Autoconf 2.67.  Invocation command line was

  $ ./configure --prefix=/home/bruce/works/MyButler/src/center/lib3rd/json-c-0.9/../target

## --------- ##
## Platform. ##
## --------- ##

hostname = ubuntu
uname -m = x86_64
uname -r = 3.19.0-56-generic
uname -s = Linux
uname -v = #62~14.04.1-Ubuntu SMP Fri Mar 11 11:03:15 UTC 2016

/usr/bin/uname -p = unknown
/bin/uname -X     = unknown

/bin/arch              = unknown
/usr/bin/arch -k       = unknown
/usr/convex/getsysinfo = unknown
/usr/bin/hostinfo      = unknown
/bin/machine           = unknown
/usr/bin/oslevel       = unknown
/bin/universe          = unknown

PATH: /opt/java/jdk/bin
PATH: /usr/local/sbin
PATH: /usr/local/bin
PATH: /usr/sbin
PATH: /usr/bin
PATH: /sbin
PATH: /bin
PATH: /usr/games
PATH: /usr/local/games


## ----------- ##
## Core tests. ##
## ----------- ##

configure:2400: checking for a BSD-compatible install
configure:2468: result: /usr/bin/install -c
configure:2479: checking whether build environment is sane
configure:2516: result: yes
configure:2541: checking for a thread-safe mkdir -p
configure:2580: result: /bin/mkdir -p
configure:2593: checking for gawk
configure:2623: result: no
configure:2593: checking for mawk
configure:2609: found /usr/bin/mawk
configure:2620: result: mawk
configure:2631: checking whether make sets $(MAKE)
configure:2653: result: yes
configure:2855: checking for style of include used by make
configure:2883: result: GNU
configure:2953: checking for gcc
configure:2969: found /usr/bin/gcc
configure:2980: result: gcc
configure:3209: checking for C compiler version
configure:3218: gcc --version >&5
gcc (Ubuntu 4.8.4-2ubuntu1~14.04.1) 4.8.4
Copyright (C) 2013 Free Software Foundation, Inc.
This is free software; see the source for copying conditions.  There is NO
warranty; not even for MERCHANTABILITY or FITNESS FOR A PARTICULAR PURPOSE.

configure:3229: $? = 0
configure:3218: gcc -v >&5
Using built-in specs.
COLLECT_GCC=gcc
COLLECT_LTO_WRAPPER=/usr/lib/gcc/x86_64-linux-gnu/4.8/lto-wrapper
Target: x86_64-linux-gnu
Configured with: ../src/configure -v --with-pkgversion='Ubuntu 4.8.4-2ubuntu1~14.04.1' --with-bugurl=file:///usr/share/doc/gcc-4.8/README.Bugs --enable-languages=c,c++,java,go,d,fortran,objc,obj-c++ --prefix=/usr --program-suffix=-4.8 --enable-shared --enable-linker-build-id --libexecdir=/usr/lib --without-included-gettext --enable-threads=posix --with-gxx-include-dir=/usr/include/c++/4.8 --libdir=/usr/lib --enable-nls --with-sysroot=/ --enable-clocale=gnu --enable-libstdcxx-debug --enable-libstdcxx-time=yes --enable-gnu-unique-object --disable-libmudflap --enable-plugin --with-system-zlib --disable-browser-plugin --enable-java-awt=gtk --enable-gtk-cairo --with-java-home=/usr/lib/jvm/java-1.5.0-gcj-4.8-amd64/jre --enable-java-home --with-jvm-root-dir=/usr/lib/jvm/java-1.5.0-gcj-4.8-amd64 --with-jvm-jar-dir=/usr/lib/jvm-exports/java-1.5.0-gcj-4.8-amd64 --with-arch-directory=amd64 --with-ecj-jar=/usr/share/java/eclipse-ecj.jar --enable-objc-gc --enable-multiarch --disable-werror --with-arch-32=i686 --with-abi=m64 --with-multilib-list=m32,m64,mx32 --with-tune=generic --enable-checking=release --build=x86_64-linux-gnu --host=x86_64-linux-gnu --target=x86_64-linux-gnu
Thread model: posix
gcc version 4.8.4 (Ubuntu 4.8.4-2ubuntu1~14.04.1) 
configure:3229: $? = 0
configure:3218: gcc -V >&5
gcc: error: unrecognized command line option '-V'
gcc: fatal error: no input files
compilation terminated.
configure:3229: $? = 4
configure:3218: gcc -qversion >&5
gcc: error: unrecognized command line option '-qversion'
gcc: fatal error: no input files
compilation terminated.
configure:3229: $? = 4
configure:3249: checking whether the C compiler works
configure:3271: gcc    conftest.c  >&5
configure:3275: $? = 0
configure:3323: result: yes
configure:3326: checking for C compiler default output file name
configure:3328: result: a.out
configure:3334: checking for suffix of executables
configure:3341: gcc -o conftest    conftest.c  >&5
configure:3345: $? = 0
configure:3367: result: 
configure:3389: checking whether we are cross compiling
configure:3397: gcc -o conftest    conftest.c  >&5
configure:3401: $? = 0
configure:3408: ./conftest
configure:3412: $? = 0
configure:3427: result: no
configure:3432: checking for suffix of object files
configure:3454: gcc -c   conftest.c >&5
configure:3458: $? = 0
configure:3479: result: o
configure:3483: checking whether we are using the GNU C compiler
configure:3502: gcc -c   conftest.c >&5
configure:3502: $? = 0
configure:3511: result: yes
configure:3520: checking whether gcc accepts -g
configure:3540: gcc -c -g  conftest.c >&5
configure:3540: $? = 0
configure:3581: result: yes
configure:3598: checking for gcc option to accept ISO C89
configure:3662: gcc  -c -g -O2  conftest.c >&5
configure:3662: $? = 0
configure:3675: result: none needed
configure:3697: checking dependency style of gcc
configure:3788: result: gcc3
configure:3809: checking how to run the C preprocessor
configure:3840: gcc -E  conftest.c
configure:3840: $? = 0
configure:3854: gcc -E  conftest.c
conftest.c:11:28: fatal error: ac_nonexistent.h: No such file or directory
 #include <ac_nonexistent.h>
                            ^
compilation terminated.
configure:3854: $? = 1
configure: failed program was:
| /* confdefs.h */
| #define PACKAGE_NAME "json-c"
| #define PACKAGE_TARNAME "json-c"
| #define PACKAGE_VERSION "0.9"
| #define PACKAGE_STRING "json-c 0.9"
| #define PACKAGE_BUGREPORT "michael@metaparadigm.com"
| #define PACKAGE_URL ""
| #define PACKAGE "json-c"
| #define VERSION "0.9"
| /* end confdefs.h.  */
| #include <ac_nonexistent.h>
configure:3879: result: gcc -E
configure:3899: gcc -E  conftest.c
configure:3899: $? = 0
configure:3913: gcc -E  conftest.c
conftest.c:11:28: fatal error: ac_nonexistent.h: No such file or directory
 #include <ac_nonexistent.h>
                            ^
compilation terminated.
configure:3913: $? = 1
configure: failed program was:
| /* confdefs.h */
| #define PACKAGE_NAME "json-c"
| #define PACKAGE_TARNAME "json-c"
| #define PACKAGE_VERSION "0.9"
| #define PACKAGE_STRING "json-c 0.9"
| #define PACKAGE_BUGREPORT "michael@metaparadigm.com"
| #define PACKAGE_URL ""
| #define PACKAGE "json-c"
| #define VERSION "0.9"
| /* end confdefs.h.  */
| #include <ac_nonexistent.h>
configure:3942: checking for grep that handles long lines and -e
configure:4000: result: /bin/grep
configure:4005: checking for egrep
configure:4067: result: /bin/grep -E
configure:4072: checking for ANSI C header files
configure:4092: gcc -c -g -O2  conftest.c >&5
configure:4092: $? = 0
configure:4165: gcc -o conftest -g -O2   conftest.c  >&5
configure:4165: $? = 0
configure:4165: ./conftest
configure:4165: $? = 0
configure:4176: result: yes
configure:4189: checking for sys/types.h
configure:4189: gcc -c -g -O2  conftest.c >&5
configure:4189: $? = 0
configure:4189: result: yes
configure:4189: checking for sys/stat.h
configure:4189: gcc -c -g -O2  conftest.c >&5
configure:4189: $? = 0
configure:4189: result: yes
configure:4189: checking for stdlib.h
configure:4189: gcc -c -g -O2  conftest.c >&5
configure:4189: $? = 0
configure:4189: result: yes
configure:4189: checking for string.h
configure:4189: gcc -c -g -O2  conftest.c >&5
configure:4189: $? = 0
configure:4189: result: yes
configure:4189: checking for memory.h
configure:4189: gcc -c -g -O2  conftest.c >&5
configure:4189: $? = 0
configure:4189: result: yes
configure:4189: checking for strings.h
configure:4189: gcc -c -g -O2  conftest.c >&5
configure:4189: $? = 0
configure:4189: result: yes
configure:4189: checking for inttypes.h
configure:4189: gcc -c -g -O2  conftest.c >&5
configure:4189: $? = 0
configure:4189: result: yes
configure:4189: checking for stdint.h
configure:4189: gcc -c -g -O2  conftest.c >&5
configure:4189: $? = 0
configure:4189: result: yes
configure:4189: checking for unistd.h
configure:4189: gcc -c -g -O2  conftest.c >&5
configure:4189: $? = 0
configure:4189: result: yes
configure:4204: checking fcntl.h usability
configure:4204: gcc -c -g -O2  conftest.c >&5
configure:4204: $? = 0
configure:4204: result: yes
configure:4204: checking fcntl.h presence
configure:4204: gcc -E  conftest.c
configure:4204: $? = 0
configure:4204: result: yes
configure:4204: checking for fcntl.h
configure:4204: result: yes
configure:4204: checking limits.h usability
configure:4204: gcc -c -g -O2  conftest.c >&5
configure:4204: $? = 0
configure:4204: result: yes
configure:4204: checking limits.h presence
configure:4204: gcc -E  conftest.c
configure:4204: $? = 0
configure:4204: result: yes
configure:4204: checking for limits.h
configure:4204: result: yes
configure:4204: checking for strings.h
configure:4204: result: yes
configure:4204: checking syslog.h usability
configure:4204: gcc -c -g -O2  conftest.c >&5
configure:4204: $? = 0
configure:4204: result: yes
configure:4204: checking syslog.h presence
configure:4204: gcc -E  conftest.c
configure:4204: $? = 0
configure:4204: result: yes
configure:4204: checking for syslog.h
configure:4204: result: yes
configure:4204: checking for unistd.h
configure:4204: result: yes
configure:4204: checking sys/param.h usability
configure:4204: gcc -c -g -O2  conftest.c >&5
configure:4204: $? = 0
configure:4204: result: yes
configure:4204: checking sys/param.h presence
configure:4204: gcc -E  conftest.c
configure:4204: $? = 0
configure:4204: result: yes
configure:4204: checking for sys/param.h
configure:4204: result: yes
configure:4204: checking stdarg.h usability
configure:4204: gcc -c -g -O2  conftest.c >&5
configure:4204: $? = 0
configure:4204: result: yes
configure:4204: checking stdarg.h presence
configure:4204: gcc -E  conftest.c
configure:4204: $? = 0
configure:4204: result: yes
configure:4204: checking for stdarg.h
configure:4204: result: yes
configure:4216: checking for an ANSI C-conforming const
configure:4281: gcc -c -g -O2  conftest.c >&5
configure:4281: $? = 0
configure:4288: result: yes
configure:4296: checking for size_t
configure:4296: gcc -c -g -O2  conftest.c >&5
configure:4296: $? = 0
configure:4296: gcc -c -g -O2  conftest.c >&5
conftest.c: In function 'main':
conftest.c:64:21: error: expected expression before ')' token
 if (sizeof ((size_t)))
                     ^
configure:4296: $? = 1
configure: failed program was:
| /* confdefs.h */
| #define PACKAGE_NAME "json-c"
| #define PACKAGE_TARNAME "json-c"
| #define PACKAGE_VERSION "0.9"
| #define PACKAGE_STRING "json-c 0.9"
| #define PACKAGE_BUGREPORT "michael@metaparadigm.com"
| #define PACKAGE_URL ""
| #define PACKAGE "json-c"
| #define VERSION "0.9"
| #define STDC_HEADERS 1
| #define HAVE_SYS_TYPES_H 1
| #define HAVE_SYS_STAT_H 1
| #define HAVE_STDLIB_H 1
| #define HAVE_STRING_H 1
| #define HAVE_MEMORY_H 1
| #define HAVE_STRINGS_H 1
| #define HAVE_INTTYPES_H 1
| #define HAVE_STDINT_H 1
| #define HAVE_UNISTD_H 1
| #define HAVE_FCNTL_H 1
| #define HAVE_LIMITS_H 1
| #define HAVE_STRINGS_H 1
| #define HAVE_SYSLOG_H 1
| #define HAVE_UNISTD_H 1
| #define HAVE_SYS_PARAM_H 1
| #define HAVE_STDARG_H 1
| /* end confdefs.h.  */
| #include <stdio.h>
| #ifdef HAVE_SYS_TYPES_H
| # include <sys/types.h>
| #endif
| #ifdef HAVE_SYS_STAT_H
| # include <sys/stat.h>
| #endif
| #ifdef STDC_HEADERS
| # include <stdlib.h>
| # include <stddef.h>
| #else
| # ifdef HAVE_STDLIB_H
| #  include <stdlib.h>
| # endif
| #endif
| #ifdef HAVE_STRING_H
| # if !defined STDC_HEADERS && defined HAVE_MEMORY_H
| #  include <memory.h>
| # endif
| # include <string.h>
| #endif
| #ifdef HAVE_STRINGS_H
| # include <strings.h>
| #endif
| #ifdef HAVE_INTTYPES_H
| # include <inttypes.h>
| #endif
| #ifdef HAVE_STDINT_H
| # include <stdint.h>
| #endif
| #ifdef HAVE_UNISTD_H
| # include <unistd.h>
| #endif
| int
| main ()
| {
| if (sizeof ((size_t)))
| 	    return 0;
|   ;
|   return 0;
| }
configure:4296: result: yes
configure:4311: checking for vprintf
configure:4311: gcc -o conftest -g -O2   conftest.c  >&5
conftest.c:51:6: warning: conflicting types for built-in function 'vprintf' [enabled by default]
 char vprintf ();
      ^
configure:4311: $? = 0
configure:4311: result: yes
configure:4317: checking for _doprnt
configure:4317: gcc -o conftest -g -O2   conftest.c  >&5
/tmp/cclPNMAJ.o: In function `main':
/home/bruce/works/MyButler/src/center/lib3rd/json-c-0.9/conftest.c:63: undefined reference to `_doprnt'
collect2: error: ld returned 1 exit status
configure:4317: $? = 1
configure: failed program was:
| /* confdefs.h */
| #define PACKAGE_NAME "json-c"
| #define PACKAGE_TARNAME "json-c"
| #define PACKAGE_VERSION "0.9"
| #define PACKAGE_STRING "json-c 0.9"
| #define PACKAGE_BUGREPORT "michael@metaparadigm.com"
| #define PACKAGE_URL ""
| #define PACKAGE "json-c"
| #define VERSION "0.9"
| #define STDC_HEADERS 1
| #define HAVE_SYS_TYPES_H 1
| #define HAVE_SYS_STAT_H 1
| #define HAVE_STDLIB_H 1
| #define HAVE_STRING_H 1
| #define HAVE_MEMORY_H 1
| #define HAVE_STRINGS_H 1
| #define HAVE_INTTYPES_H 1
| #define HAVE_STDINT_H 1
| #define HAVE_UNISTD_H 1
| #define HAVE_FCNTL_H 1
| #define HAVE_LIMITS_H 1
| #define HAVE_STRINGS_H 1
| #define HAVE_SYSLOG_H 1
| #define HAVE_UNISTD_H 1
| #define HAVE_SYS_PARAM_H 1
| #define HAVE_STDARG_H 1
| #define HAVE_VPRINTF 1
| /* end confdefs.h.  */
| /* Define _doprnt to an innocuous variant, in case <limits.h> declares _doprnt.
|    For example, HP-UX 11i <limits.h> declares gettimeofday.  */
| #define _doprnt innocuous__doprnt
| 
| /* System header to define __stub macros and hopefully few prototypes,
|     which can conflict with char _doprnt (); below.
|     Prefer <limits.h> to <assert.h> if __STDC__ is defined, since
|     <limits.h> exists even on freestanding compilers.  */
| 
| #ifdef __STDC__
| # include <limits.h>
| #else
| # include <assert.h>
| #endif
| 
| #undef _doprnt
| 
| /* Override any GCC internal prototype to avoid an error.
|    Use char because int might match the return type of a GCC
|    builtin and then its argument prototype would still apply.  */
| #ifdef __cplusplus
| extern "C"
| #endif
| char _doprnt ();
| /* The GNU C library defines this for functions which it implements
|     to always fail with ENOSYS.  Some functions are actually named
|     something starting with __ and the normal name is an alias.  */
| #if defined __stub__doprnt || defined __stub____doprnt
| choke me
| #endif
| 
| int
| main ()
| {
| return _doprnt ();
|   ;
|   return 0;
| }
configure:4317: result: no
configure:4328: checking for working memcmp
configure:4371: gcc -o conftest -g -O2   conftest.c  >&5
configure:4371: $? = 0
configure:4371: ./conftest
configure:4371: $? = 0
configure:4381: result: yes
configure:4392: checking for stdlib.h
configure:4392: result: yes
configure:4402: checking for GNU libc compatible malloc
configure:4426: gcc -o conftest -g -O2   conftest.c  >&5
configure:4426: $? = 0
configure:4426: ./conftest
configure:4426: $? = 0
configure:4436: result: yes
configure:4459: checking for stdlib.h
configure:4459: result: yes
configure:4469: checking for GNU libc compatible realloc
configure:4493: gcc -o conftest -g -O2   conftest.c  >&5
configure:4493: $? = 0
configure:4493: ./conftest
configure:4493: $? = 0
configure:4503: result: yes
configure:4527: checking for strndup
configure:4527: gcc -o conftest -g -O2   conftest.c  >&5
conftest.c:56:6: warning: conflicting types for built-in function 'strndup' [enabled by default]
 char strndup ();
      ^
configure:4527: $? = 0
configure:4527: result: yes
configure:4527: checking for strerror
configure:4527: gcc -o conftest -g -O2   conftest.c  >&5
configure:4527: $? = 0
configure:4527: result: yes
configure:4527: checking for vsnprintf
configure:4527: gcc -o conftest -g -O2   conftest.c  >&5
conftest.c:58:6: warning: conflicting types for built-in function 'vsnprintf' [enabled by default]
 char vsnprintf ();
      ^
configure:4527: $? = 0
configure:4527: result: yes
configure:4527: checking for vasprintf
configure:4527: gcc -o conftest -g -O2   conftest.c  >&5
configure:4527: $? = 0
configure:4527: result: yes
configure:4527: checking for open
configure:4527: gcc -o conftest -g -O2   conftest.c  >&5
configure:4527: $? = 0
configure:4527: result: yes
configure:4527: checking for vsyslog
configure:4527: gcc -o conftest -g -O2   conftest.c  >&5
configure:4527: $? = 0
configure:4527: result: yes
configure:4527: checking for strncasecmp
configure:4527: gcc -o conftest -g -O2   conftest.c  >&5
conftest.c:62:6: warning: conflicting types for built-in function 'strncasecmp' [enabled by default]
 char strncasecmp ();
      ^
configure:4527: $? = 0
configure:4527: result: yes
configure:4566: checking build system type
configure:4580: result: x86_64-unknown-linux-gnu
configure:4600: checking host system type
configure:4613: result: x86_64-unknown-linux-gnu
configure:4633: checking for a sed that does not truncate output
configure:4697: result: /bin/sed
configure:4715: checking for fgrep
configure:4777: result: /bin/grep -F
configure:4812: checking for ld used by gcc
configure:4879: result: /usr/bin/ld
configure:4886: checking if the linker (/usr/bin/ld) is GNU ld
configure:4901: result: yes
configure:4913: checking for BSD- or MS-compatible name lister (nm)
configure:4962: result: /usr/bin/nm -B
configure:5080: checking the name lister (/usr/bin/nm -B) interface
configure:5087: gcc -c -g -O2  conftest.c >&5
configure:5090: /usr/bin/nm -B "conftest.o"
configure:5093: output
0000000000000000 B some_variable
configure:5100: result: BSD nm
configure:5103: checking whether ln -s works
configure:5107: result: yes
configure:5115: checking the maximum length of command line arguments
configure:5235: result: 1572864
configure:5252: checking whether the shell understands some XSI constructs
configure:5262: result: yes
configure:5266: checking whether the shell understands "+="
configure:5272: result: yes
configure:5307: checking for /usr/bin/ld option to reload object files
configure:5314: result: -r
configure:5383: checking for objdump
configure:5399: found /usr/bin/objdump
configure:5410: result: objdump
configure:5442: checking how to recognize dependent libraries
configure:5638: result: pass_all
configure:5698: checking for ar
configure:5714: found /usr/bin/ar
configure:5725: result: ar
configure:5803: checking for strip
configure:5819: found /usr/bin/strip
configure:5830: result: strip
configure:5902: checking for ranlib
configure:5918: found /usr/bin/ranlib
configure:5929: result: ranlib
configure:6019: checking command to parse /usr/bin/nm -B output from gcc object
configure:6137: gcc -c -g -O2  conftest.c >&5
configure:6140: $? = 0
configure:6144: /usr/bin/nm -B conftest.o \| sed -n -e 's/^.*[	 ]\([ABCDGIRSTW][ABCDGIRSTW]*\)[	 ][	 ]*\([_A-Za-z][_A-Za-z0-9]*\)$/\1 \2 \2/p' \> conftest.nm
configure:6147: $? = 0
configure:6201: gcc -o conftest -g -O2   conftest.c conftstm.o >&5
configure:6204: $? = 0
configure:6242: result: ok
configure:6337: gcc -c -g -O2  conftest.c >&5
configure:6340: $? = 0
configure:7047: checking for dlfcn.h
configure:7047: gcc -c -g -O2  conftest.c >&5
configure:7047: $? = 0
configure:7047: result: yes
configure:7231: checking for objdir
configure:7246: result: .libs
configure:7538: checking if gcc supports -fno-rtti -fno-exceptions
configure:7556: gcc -c -g -O2  -fno-rtti -fno-exceptions conftest.c >&5
cc1: warning: command line option '-fno-rtti' is valid for C++/ObjC++ but not for C [enabled by default]
configure:7560: $? = 0
configure:7573: result: no
configure:7593: checking for gcc option to produce PIC
configure:7865: result: -fPIC -DPIC
configure:7877: checking if gcc PIC flag -fPIC -DPIC works
configure:7895: gcc -c -g -O2  -fPIC -DPIC -DPIC conftest.c >&5
configure:7899: $? = 0
configure:7912: result: yes
configure:7936: checking if gcc static flag -static works
configure:7964: result: yes
configure:7979: checking if gcc supports -c -o file.o
configure:8000: gcc -c -g -O2  -o out/conftest2.o conftest.c >&5
configure:8004: $? = 0
configure:8026: result: yes
configure:8034: checking if gcc supports -c -o file.o
configure:8081: result: yes
configure:8114: checking whether the gcc linker (/usr/bin/ld -m elf_x86_64) supports shared libraries
configure:9101: result: yes
configure:9138: checking whether -lc should be explicitly linked in
configure:9143: gcc -c -g -O2  conftest.c >&5
configure:9146: $? = 0
configure:9161: gcc -shared conftest.o  -v -Wl,-soname -Wl,conftest -o conftest 2\>\&1 \| /bin/grep  -lc  \>/dev/null 2\>\&1
configure:9164: $? = 0
configure:9176: result: no
configure:9340: checking dynamic linker characteristics
configure:9773: gcc -o conftest -g -O2   -Wl,-rpath -Wl,/foo conftest.c  >&5
configure:9773: $? = 0
configure:10003: result: GNU/Linux ld.so
configure:10105: checking how to hardcode library paths into programs
configure:10130: result: immediate
configure:10650: checking whether stripping libraries is possible
configure:10655: result: yes
configure:10690: checking if libtool supports shared libraries
configure:10692: result: yes
configure:10695: checking whether to build shared libraries
configure:10716: result: yes
configure:10719: checking whether to build static libraries
configure:10723: result: yes
configure:10872: creating ./config.status

## ---------------------- ##
## Running config.status. ##
## ---------------------- ##

This file was extended by json-c config.status 0.9, which was
generated by GNU Autoconf 2.67.  Invocation command line was

  CONFIG_FILES    = 
  CONFIG_HEADERS  = 
  CONFIG_LINKS    = 
  CONFIG_COMMANDS = 
  $ ./config.status 

on ubuntu

config.status:1086: creating Makefile
config.status:1086: creating json.pc
config.status:1086: creating config.h
config.status:1266: config.h is unchanged
config.status:1314: executing depfiles commands
config.status:1314: executing libtool commands

## ---------------- ##
## Cache variables. ##
## ---------------- ##

ac_cv_build=x86_64-unknown-linux-gnu
ac_cv_c_compiler_gnu=yes
ac_cv_c_const=yes
ac_cv_env_CC_set=
ac_cv_env_CC_value=
ac_cv_env_CFLAGS_set=
ac_cv_env_CFLAGS_value=
ac_cv_env_CPPFLAGS_set=
ac_cv_env_CPPFLAGS_value=
ac_cv_env_CPP_set=
ac_cv_env_CPP_value=
ac_cv_env_LDFLAGS_set=
ac_cv_env_LDFLAGS_value=
ac_cv_env_LIBS_set=
ac_cv_env_LIBS_value=
ac_cv_env_build_alias_set=
ac_cv_env_build_alias_value=
ac_cv_env_host_alias_set=
ac_cv_env_host_alias_value=
ac_cv_env_target_alias_set=
ac_cv_env_target_alias_value=
ac_cv_func__doprnt=no
ac_cv_func_malloc_0_nonnull=yes
ac_cv_func_memcmp_working=yes
ac_cv_func_open=yes
ac_cv_func_realloc_0_nonnull=yes
ac_cv_func_strerror=yes
ac_cv_func_strncasecmp=yes
ac_cv_func_strndup=yes
ac_cv_func_vasprintf=yes
ac_cv_func_vprintf=yes
ac_cv_func_vsnprintf=yes
ac_cv_func_vsyslog=yes
ac_cv_header_dlfcn_h=yes
ac_cv_header_fcntl_h=yes
ac_cv_header_inttypes_h=yes
ac_cv_header_limits_h=yes
ac_cv_header_memory_h=yes
ac_cv_header_stdarg_h=yes
ac_cv_header_stdc=yes
ac_cv_header_stdint_h=yes
ac_cv_header_stdlib_h=yes
ac_cv_header_string_h=yes
ac_cv_header_strings_h=yes
ac_cv_header_sys_param_h=yes
ac_cv_header_sys_stat_h=yes
ac_cv_header_sys_types_h=yes
ac_cv_header_syslog_h=yes
ac_cv_header_unistd_h=yes
ac_cv_host=x86_64-unknown-linux-gnu
ac_cv_objext=o
ac_cv_path_EGREP='/bin/grep -E'
ac_cv_path_FGREP='/bin/grep -F'
ac_cv_path_GREP=/bin/grep
ac_cv_path_SED=/bin/sed
ac_cv_path_install='/usr/bin/install -c'
ac_cv_path_mkdir=/bin/mkdir
ac_cv_prog_AWK=mawk
ac_cv_prog_CPP='gcc -E'
ac_cv_prog_ac_ct_AR=ar
ac_cv_prog_ac_ct_CC=gcc
ac_cv_prog_ac_ct_OBJDUMP=objdump
ac_cv_prog_ac_ct_RANLIB=ranlib
ac_cv_prog_ac_ct_STRIP=strip
ac_cv_prog_cc_c89=
ac_cv_prog_cc_g=yes
ac_cv_prog_make_make_set=yes
ac_cv_type_size_t=yes
am_cv_CC_dependencies_compiler_type=gcc3
lt_cv_deplibs_check_method=pass_all
lt_cv_file_magic_cmd='$MAGIC_CMD'
lt_cv_file_magic_test_file=
lt_cv_ld_reload_flag=-r
lt_cv_nm_interface='BSD nm'
lt_cv_objdir=.libs
lt_cv_path_LD=/usr/bin/ld
lt_cv_path_NM='/usr/bin/nm -B'
lt_cv_prog_compiler_c_o=yes
lt_cv_prog_compiler_pic_works=yes
lt_cv_prog_compiler_rtti_exceptions=no
lt_cv_prog_compiler_static_works=yes
lt_cv_prog_gnu_ld=yes
lt_cv_sys_global_symbol_pipe='sed -n -e '\''s/^.*[	 ]\([ABCDGIRSTW][ABCDGIRSTW]*\)[	 ][	 ]*\([_A-Za-z][_A-Za-z0-9]*\)$/\1 \2 \2/p'\'''
lt_cv_sys_global_symbol_to_c_name_address='sed -n -e '\''s/^: \([^ ]*\) $/  {\"\1\", (void *) 0},/p'\'' -e '\''s/^[ABCDGIRSTW]* \([^ ]*\) \([^ ]*\)$/  {"\2", (void *) \&\2},/p'\'''
lt_cv_sys_global_symbol_to_c_name_address_lib_prefix='sed -n -e '\''s/^: \([^ ]*\) $/  {\"\1\", (void *) 0},/p'\'' -e '\''s/^[ABCDGIRSTW]* \([^ ]*\) \(lib[^ ]*\)$/  {"\2", (void *) \&\2},/p'\'' -e '\''s/^[ABCDGIRSTW]* \([^ ]*\) \([^ ]*\)$/  {"lib\2", (void *) \&\2},/p'\'''
lt_cv_sys_global_symbol_to_cdecl='sed -n -e '\''s/^T .* \(.*\)$/extern int \1();/p'\'' -e '\''s/^[ABCDGIRSTW]* .* \(.*\)$/extern char \1;/p'\'''
lt_cv_sys_max_cmd_len=1572864

## ----------------- ##
## Output variables. ##
## ----------------- ##

ACLOCAL='${SHELL} /home/bruce/works/MyButler/src/center/lib3rd/json-c-0.9/missing --run aclocal-1.10'
AMDEPBACKSLASH='\'
AMDEP_FALSE='#'
AMDEP_TRUE=''
AMTAR='${SHELL} /home/bruce/works/MyButler/src/center/lib3rd/json-c-0.9/missing --run tar'
AR='ar'
AUTOCONF='${SHELL} /home/bruce/works/MyButler/src/center/lib3rd/json-c-0.9/missing --run autoconf'
AUTOHEADER='${SHELL} /home/bruce/works/MyButler/src/center/lib3rd/json-c-0.9/missing --run autoheader'
AUTOMAKE='${SHELL} /home/bruce/works/MyButler/src/center/lib3rd/json-c-0.9/missing --run automake-1.10'
AWK='mawk'
CC='gcc'
CCDEPMODE='depmode=gcc3'
CFLAGS='-g -O2'
CPP='gcc -E'
CPPFLAGS=''
CYGPATH_W='echo'
DEFS='-DHAVE_CONFIG_H'
DEPDIR='.deps'
DSYMUTIL=''
DUMPBIN=''
ECHO_C=''
ECHO_N='-n'
ECHO_T=''
EGREP='/bin/grep -E'
EXEEXT=''
FGREP='/bin/grep -F'
GREP='/bin/grep'
INSTALL_DATA='${INSTALL} -m 644'
INSTALL_PROGRAM='${INSTALL}'
INSTALL_SCRIPT='${INSTALL}'
INSTALL_STRIP_PROGRAM='$(install_sh) -c -s'
LD='/usr/bin/ld -m elf_x86_64'
LDFLAGS=''
LIBOBJS=''
LIBS=''
LIBTOOL='$(SHELL) $(top_builddir)/libtool'
LIPO=''
LN_S='ln -s'
LTLIBOBJS=''
MAKEINFO='${SHELL} /home/bruce/works/MyButler/src/center/lib3rd/json-c-0.9/missing --run makeinfo'
MKDIR_P='/bin/mkdir -p'
NM='/usr/bin/nm -B'
NMEDIT=''
OBJDUMP='objdump'
OBJEXT='o'
OTOOL64=''
OTOOL=''
PACKAGE='json-c'
PACKAGE_BUGREPORT='michael@metaparadigm.com'
PACKAGE_NAME='json-c'
PACKAGE_STRING='json-c 0.9'
PACKAGE_TARNAME='json-c'
PACKAGE_URL=''
PACKAGE_VERSION='0.9'
PATH_SEPARATOR=':'
RANLIB='ranlib'
SED='/bin/sed'
SET_MAKE=''
SHELL='/bin/bash'
STRIP='strip'
VERSION='0.9'
ac_ct_CC='gcc'
ac_ct_DUMPBIN=''
am__fastdepCC_FALSE='#'
am__fastdepCC_TRUE=''
am__include='include'
am__isrc=''
am__leading_dot='.'
am__quote=''
am__tar='${AMTAR} chof - "$$tardir"'
am__untar='${AMTAR} xf -'
bindir='${exec_prefix}/bin'
build='x86_64-unknown-linux-gnu'
build_alias=''
build_cpu='x86_64'
build_os='linux-gnu'
build_vendor='unknown'
datadir='${datarootdir}'
datarootdir='${prefix}/share'
docdir='${datarootdir}/doc/${PACKAGE_TARNAME}'
dvidir='${docdir}'
exec_prefix='${prefix}'
host='x86_64-unknown-linux-gnu'
host_alias=''
host_cpu='x86_64'
host_os='linux-gnu'
host_vendor='unknown'
htmldir='${docdir}'
includedir='${prefix}/include'
infodir='${datarootdir}/info'
install_sh='$(SHELL) /home/bruce/works/MyButler/src/center/lib3rd/json-c-0.9/install-sh'
libdir='${exec_prefix}/lib'
libexecdir='${exec_prefix}/libexec'
localedir='${datarootdir}/locale'
localstatedir='${prefix}/var'
lt_ECHO='echo'
mandir='${datarootdir}/man'
mkdir_p='/bin/mkdir -p'
oldincludedir='/usr/include'
pdfdir='${docdir}'
prefix='/home/bruce/works/MyButler/src/center/lib3rd/json-c-0.9/../target'
program_transform_name='s,x,x,'
psdir='${docdir}'
sbindir='${exec_prefix}/sbin'
sharedstatedir='${prefix}/com'
sysconfdir='${prefix}/etc'
target_alias=''

## ----------- ##
## confdefs.h. ##
## ----------- ##

/* confdefs.h */
#define PACKAGE_NAME "json-c"
#define PACKAGE_TARNAME "json-c"
#define PACKAGE_VERSION "0.9"
#define PACKAGE_STRING "json-c 0.9"
#define PACKAGE_BUGREPORT "michael@metaparadigm.com"
#define PACKAGE_URL ""
#define PACKAGE "json-c"
#define VERSION "0.9"
#define STDC_HEADERS 1
#define HAVE_SYS_TYPES_H 1
#define HAVE_SYS_STAT_H 1
#define HAVE_STDLIB_H 1
#define HAVE_STRING_H 1
#define HAVE_MEMORY_H 1
#define HAVE_STRINGS_H 1
#define HAVE_INTTYPES_H 1
#define HAVE_STDINT_H 1
#define HAVE_UNISTD_H 1
#define HAVE_FCNTL_H 1
#define HAVE_LIMITS_H 1
#define HAVE_STRINGS_H 1
#define HAVE_SYSLOG_H 1
#define HAVE_UNISTD_H 1
#define HAVE_SYS_PARAM_H 1
#define HAVE_STDARG_H 1
#define HAVE_VPRINTF 1
#define HAVE_STDLIB_H 1
#define HAVE_MALLOC 1
#define HAVE_STDLIB_H 1
#define HAVE_REALLOC 1
#define HAVE_STRNDUP 1
#define HAVE_STRERROR 1
#define HAVE_VSNPRINTF 1
#define HAVE_VASPRINTF 1
#define HAVE_OPEN 1
#define HAVE_VSYSLOG 1
#define HAVE_STRNCASECMP 1
#define HAVE_DLFCN_H 1
#define LT_OBJDIR ".libs/"

configure: exit 0
